

Microchip MPLAB XC8 Assembler V2.46 build 20240104201356 
                                                                                               Sat Apr 13 00:06:55 2024

Microchip MPLAB XC8 C Compiler v2.46 (Free license) build 20240104201356 Og1 
     1                           	processor	16F877A
     2                           	pagewidth 120
     3                           	opt	flic
     4                           	psect	idataBANK0,global,class=CODE,delta=2,noexec
     5                           	psect	cinit,global,class=CODE,merge=1,delta=2
     6                           	psect	dataBANK0,global,class=BANK0,space=1,delta=1,noexec
     7                           	psect	inittext,global,class=CODE,delta=2
     8                           	psect	cstackCOMMON,global,class=COMMON,space=1,delta=1,noexec
     9                           	psect	maintext,global,class=CODE,split=1,delta=2
    10                           	dabs	1,0x7E,2
    11     0000                     
    12                           ; Generated 12/10/2023 GMT
    13                           ; 
    14                           ; Copyright © 2023, Microchip Technology Inc. and its subsidiaries ("Microchip")
    15                           ; All rights reserved.
    16                           ; 
    17                           ; This software is developed by Microchip Technology Inc. and its subsidiaries ("Microch
      +                          ip").
    18                           ; 
    19                           ; Redistribution and use in source and binary forms, with or without modification, are
    20                           ; permitted provided that the following conditions are met:
    21                           ; 
    22                           ;     1. Redistributions of source code must retain the above copyright notice, this lis
      +                          t of
    23                           ;        conditions and the following disclaimer.
    24                           ; 
    25                           ;     2. Redistributions in binary form must reproduce the above copyright notice, this 
      +                          list
    26                           ;        of conditions and the following disclaimer in the documentation and/or other
    27                           ;        materials provided with the distribution. Publication is not required when
    28                           ;        this file is used in an embedded application.
    29                           ; 
    30                           ;     3. Microchip's name may not be used to endorse or promote products derived from th
      +                          is
    31                           ;        software without specific prior written permission.
    32                           ; 
    33                           ; THIS SOFTWARE IS PROVIDED BY MICROCHIP "AS IS" AND ANY EXPRESS OR IMPLIED WARRANTIES,
    34                           ; INCLUDING, BUT NOT LIMITED TO, THE IMPLIED WARRANTIES OF MERCHANTABILITY AND FITNESS F
      +                          OR
    35                           ; PURPOSE ARE DISCLAIMED.  IN NO EVENT SHALL MICROCHIP BE LIABLE FOR ANY DIRECT, INDIREC
      +                          T,
    36                           ; INCIDENTAL, SPECIAL, EXEMPLARY, OR CONSEQUENTIAL DAMAGES (INCLUDING BUT NOT LIMITED TO
    37                           ; PROCUREMENT OF SUBSTITUTE GOODS OR SERVICES; LOSS OF USE, DATA OR PROFITS; OR BUSINESS
    38                           ; INTERRUPTION) HOWSOEVER CAUSED AND ON ANY THEORY OF LIABILITY, WHETHER IN CONTRACT, ST
      +                          RICT
    39                           ; LIABILITY, OR TORT (INCLUDING NEGLIGENCE OR OTHERWISE) ARISING IN ANY WAY OUT OF THE U
      +                          SE OF
    40                           ; THIS SOFTWARE, EVEN IF ADVISED OF THE POSSIBILITY OF SUCH DAMAGE.
    41                           ; 
    42                           ; 
    43                           ; Code-generator required, PIC16F877A Definitions
    44                           ; 
    45                           ; SFR Addresses
    46     0000                     	;# 
    47     0001                     	;# 
    48     0002                     	;# 
    49     0003                     	;# 
    50     0004                     	;# 
    51     0005                     	;# 
    52     0006                     	;# 
    53     0007                     	;# 
    54     0008                     	;# 
    55     0009                     	;# 
    56     000A                     	;# 
    57     000B                     	;# 
    58     000C                     	;# 
    59     000D                     	;# 
    60     000E                     	;# 
    61     000E                     	;# 
    62     000F                     	;# 
    63     0010                     	;# 
    64     0011                     	;# 
    65     0012                     	;# 
    66     0013                     	;# 
    67     0014                     	;# 
    68     0015                     	;# 
    69     0015                     	;# 
    70     0016                     	;# 
    71     0017                     	;# 
    72     0018                     	;# 
    73     0019                     	;# 
    74     001A                     	;# 
    75     001B                     	;# 
    76     001B                     	;# 
    77     001C                     	;# 
    78     001D                     	;# 
    79     001E                     	;# 
    80     001F                     	;# 
    81     0081                     	;# 
    82     0085                     	;# 
    83     0086                     	;# 
    84     0087                     	;# 
    85     0088                     	;# 
    86     0089                     	;# 
    87     008C                     	;# 
    88     008D                     	;# 
    89     008E                     	;# 
    90     0091                     	;# 
    91     0092                     	;# 
    92     0093                     	;# 
    93     0094                     	;# 
    94     0098                     	;# 
    95     0099                     	;# 
    96     009C                     	;# 
    97     009D                     	;# 
    98     009E                     	;# 
    99     009F                     	;# 
   100     010C                     	;# 
   101     010D                     	;# 
   102     010E                     	;# 
   103     010F                     	;# 
   104     018C                     	;# 
   105     018D                     	;# 
   106     0000                     	;# 
   107     0001                     	;# 
   108     0002                     	;# 
   109     0003                     	;# 
   110     0004                     	;# 
   111     0005                     	;# 
   112     0006                     	;# 
   113     0007                     	;# 
   114     0008                     	;# 
   115     0009                     	;# 
   116     000A                     	;# 
   117     000B                     	;# 
   118     000C                     	;# 
   119     000D                     	;# 
   120     000E                     	;# 
   121     000E                     	;# 
   122     000F                     	;# 
   123     0010                     	;# 
   124     0011                     	;# 
   125     0012                     	;# 
   126     0013                     	;# 
   127     0014                     	;# 
   128     0015                     	;# 
   129     0015                     	;# 
   130     0016                     	;# 
   131     0017                     	;# 
   132     0018                     	;# 
   133     0019                     	;# 
   134     001A                     	;# 
   135     001B                     	;# 
   136     001B                     	;# 
   137     001C                     	;# 
   138     001D                     	;# 
   139     001E                     	;# 
   140     001F                     	;# 
   141     0081                     	;# 
   142     0085                     	;# 
   143     0086                     	;# 
   144     0087                     	;# 
   145     0088                     	;# 
   146     0089                     	;# 
   147     008C                     	;# 
   148     008D                     	;# 
   149     008E                     	;# 
   150     0091                     	;# 
   151     0092                     	;# 
   152     0093                     	;# 
   153     0094                     	;# 
   154     0098                     	;# 
   155     0099                     	;# 
   156     009C                     	;# 
   157     009D                     	;# 
   158     009E                     	;# 
   159     009F                     	;# 
   160     010C                     	;# 
   161     010D                     	;# 
   162     010E                     	;# 
   163     010F                     	;# 
   164     018C                     	;# 
   165     018D                     	;# 
   166                           
   167                           	psect	idataBANK0
   168     0788                     __pidataBANK0:
   169                           
   170                           ;initializer for main@F1007
   171     0788  340E               	retlw	14
   172     0789  3416               	retlw	22
   173     078A  3426               	retlw	38
   174     078B  3425               	retlw	37
   175     078C  3423               	retlw	35
   176     078D  3413               	retlw	19
   177     078E  340B               	retlw	11
   178     078F  340D               	retlw	13
   179     0006                     _PORTB	set	6
   180     0081                     _OPTION_REGbits	set	129
   181     0086                     _TRISB	set	134
   182                           
   183                           	psect	cinit
   184     07EE                     start_initialization:	
   185                           ; #config settings
   186                           
   187     07EE                     __initialization:
   188                           
   189                           ; Initialize objects allocated to BANK0
   190     07EE  1383               	bcf	3,7	;select IRP bank0
   191     07EF  3028               	movlw	low (__pdataBANK0+8)
   192     07F0  00FD               	movwf	btemp+-1
   193     07F1  3007               	movlw	high __pidataBANK0
   194     07F2  00FE               	movwf	btemp
   195     07F3  3088               	movlw	low __pidataBANK0
   196     07F4  00FF               	movwf	btemp+1
   197     07F5  3020               	movlw	low __pdataBANK0
   198     07F6  0084               	movwf	4
   199     07F7  120A  118A  2794  120A  118A  	fcall	init_ram0
   200     07FC                     end_of_initialization:	
   201                           ;End of C runtime variable initialization code
   202                           
   203     07FC                     __end_of__initialization:
   204     07FC  0183               	clrf	3
   205     07FD  120A  118A  2FA3   	ljmp	_main	;jump to C main() function
   206                           
   207                           	psect	dataBANK0
   208     0020                     __pdataBANK0:
   209     0020                     main@F1007:
   210     0020                     	ds	8
   211                           
   212                           	psect	inittext
   213     0790                     init_fetch0:	
   214                           ;	Called with low address in FSR and high address in W
   215                           
   216     0790  087E               	movf	btemp,w
   217     0791  008A               	movwf	10
   218     0792  087F               	movf	btemp+1,w
   219     0793  0082               	movwf	2
   220     0794                     init_ram0:	
   221                           ;Called with:
   222                           ;	high address of idata address in btemp 
   223                           ;	low address of idata address in btemp+1 
   224                           ;	low address of data in FSR
   225                           ;	high address + 1 of data in btemp-1
   226                           
   227     0794  120A  118A  2790  120A  118A  	fcall	init_fetch0
   228     0799  0080               	movwf	0
   229     079A  0A84               	incf	4,f
   230     079B  0804               	movf	4,w
   231     079C  067D               	xorwf	btemp+-1,w
   232     079D  1903               	btfsc	3,2
   233     079E  3400               	retlw	0
   234     079F  0AFF               	incf	btemp+1,f
   235     07A0  1903               	btfsc	3,2
   236     07A1  0AFE               	incf	btemp,f
   237     07A2  2F94               	goto	init_ram0
   238                           
   239                           	psect	cstackCOMMON
   240     0070                     __pcstackCOMMON:
   241     0070                     ?_main:
   242     0070                     ??_main:	
   243                           ; 1 bytes @ 0x0
   244                           
   245                           
   246                           ; 1 bytes @ 0x0
   247     0070                     	ds	4
   248     0074                     main@sequence:
   249                           
   250                           ; 8 bytes @ 0x4
   251     0074                     	ds	8
   252     007C                     main@i:
   253                           
   254                           ; 2 bytes @ 0xC
   255     007C                     	ds	2
   256                           
   257                           	psect	maintext
   258     07A3                     __pmaintext:	
   259 ;;
   260 ;;Main: autosize = 0, tempsize = 4, incstack = 0, save=0
   261 ;;
   262 ;; *************** function _main *****************
   263 ;; Defined at:
   264 ;;		line 11 in file "main.c"
   265 ;; Parameters:    Size  Location     Type
   266 ;;		None
   267 ;; Auto vars:     Size  Location     Type
   268 ;;  i               2   12[COMMON] int 
   269 ;;  sequence        8    4[COMMON] unsigned char [8]
   270 ;; Return value:  Size  Location     Type
   271 ;;                  1    wreg      void 
   272 ;; Registers used:
   273 ;;		wreg, fsr0l, fsr0h, status,2, status,0, btemp+1
   274 ;; Tracked objects:
   275 ;;		On entry : B00/0
   276 ;;		On exit  : 0/0
   277 ;;		Unchanged: 0/0
   278 ;; Data sizes:     COMMON   BANK0   BANK1   BANK3   BANK2
   279 ;;      Params:         0       0       0       0       0
   280 ;;      Locals:        10       0       0       0       0
   281 ;;      Temps:          4       0       0       0       0
   282 ;;      Totals:        14       0       0       0       0
   283 ;;Total ram usage:       14 bytes
   284 ;; This function calls:
   285 ;;		Nothing
   286 ;; This function is called by:
   287 ;;		Startup code after reset
   288 ;; This function uses a non-reentrant model
   289 ;;
   290                           
   291     07A3                     _main:	
   292                           ;psect for function _main
   293                           
   294     07A3                     l584:	
   295                           ;incstack = 0
   296                           ; Regs used in _main: [wreg-fsr0h+status,2+status,0+btemp+1]
   297                           
   298                           
   299                           ;main.c: 14:     TRISB=0;
   300     07A3  1683               	bsf	3,5	;RP0=1, select bank1
   301     07A4  1303               	bcf	3,6	;RP1=0, select bank1
   302     07A5  0186               	clrf	6	;volatile
   303                           
   304                           ;main.c: 15:     PORTB=0;
   305     07A6  1283               	bcf	3,5	;RP0=0, select bank0
   306     07A7  1303               	bcf	3,6	;RP1=0, select bank0
   307     07A8  0186               	clrf	6	;volatile
   308     07A9                     l586:
   309                           
   310                           ;main.c: 16:     OPTION_REGbits.nRBPU=0;
   311     07A9  1683               	bsf	3,5	;RP0=1, select bank1
   312     07AA  1303               	bcf	3,6	;RP1=0, select bank1
   313     07AB  1381               	bcf	1,7	;volatile
   314     07AC                     l588:
   315                           
   316                           ;main.c: 17:     unsigned char sequence[8]={14,22,38,37,35,19,11,13};
   317     07AC  3074               	movlw	main@sequence& (0+255)
   318     07AD  0084               	movwf	4
   319     07AE  3020               	movlw	low main@F1007
   320     07AF  00F0               	movwf	??_main
   321     07B0  0804               	movf	4,w
   322     07B1  00F1               	movwf	??_main+1
   323     07B2  3008               	movlw	8
   324     07B3  00F2               	movwf	??_main+2
   325     07B4                     u30:
   326     07B4  0870               	movf	??_main,w
   327     07B5  0084               	movwf	4
   328     07B6  1383               	bcf	3,7	;select IRP bank0
   329     07B7  0800               	movf	0,w
   330     07B8  00F3               	movwf	??_main+3
   331     07B9  0AF0               	incf	??_main,f
   332     07BA  0871               	movf	??_main+1,w
   333     07BB  0084               	movwf	4
   334     07BC  0873               	movf	??_main+3,w
   335     07BD  0080               	movwf	0
   336     07BE  0AF1               	incf	??_main+1,f
   337     07BF  0BF2               	decfsz	??_main+2,f
   338     07C0  2FB4               	goto	u30
   339     07C1                     l590:
   340                           
   341                           ;main.c: 20:         for(int i=0;i<8;i++) {
   342     07C1  01FC               	clrf	main@i
   343     07C2  01FD               	clrf	main@i+1
   344     07C3                     l596:
   345                           
   346                           ;main.c: 21:             PORTB=sequence[i];
   347     07C3  087C               	movf	main@i,w
   348     07C4  3E74               	addlw	(low (main@sequence| 0))& (0+255)
   349     07C5  0084               	movwf	4
   350     07C6  0800               	movf	0,w
   351     07C7  1283               	bcf	3,5	;RP0=0, select bank0
   352     07C8  1303               	bcf	3,6	;RP1=0, select bank0
   353     07C9  0086               	movwf	6	;volatile
   354     07CA                     l598:
   355                           
   356                           ;main.c: 22:             _delay((unsigned long)((500)*((8000000)/4000.0)));
   357     07CA  3006               	movlw	6
   358     07CB  00F2               	movwf	??_main+2
   359     07CC  3013               	movlw	19
   360     07CD  00F1               	movwf	??_main+1
   361     07CE  30AD               	movlw	173
   362     07CF  00F0               	movwf	??_main
   363     07D0                     u57:
   364     07D0  0BF0               	decfsz	??_main,f
   365     07D1  2FD0               	goto	u57
   366     07D2  0BF1               	decfsz	??_main+1,f
   367     07D3  2FD0               	goto	u57
   368     07D4  0BF2               	decfsz	??_main+2,f
   369     07D5  2FD0               	goto	u57
   370     07D6  2FD7               	nop2
   371     07D7                     l600:
   372                           
   373                           ;main.c: 23:         }
   374     07D7  3001               	movlw	1
   375     07D8  07FC               	addwf	main@i,f
   376     07D9  1803               	skipnc
   377     07DA  0AFD               	incf	main@i+1,f
   378     07DB  3000               	movlw	0
   379     07DC  07FD               	addwf	main@i+1,f
   380     07DD                     l602:
   381     07DD  087D               	movf	main@i+1,w
   382     07DE  3A80               	xorlw	128
   383     07DF  00FF               	movwf	btemp+1
   384     07E0  3080               	movlw	128
   385     07E1  027F               	subwf	btemp+1,w
   386     07E2  1D03               	skipz
   387     07E3  2FE6               	goto	u45
   388     07E4  3008               	movlw	8
   389     07E5  027C               	subwf	main@i,w
   390     07E6                     u45:
   391     07E6  1C03               	skipc
   392     07E7  2FE9               	goto	u41
   393     07E8  2FEA               	goto	u40
   394     07E9                     u41:
   395     07E9  2FC3               	goto	l596
   396     07EA                     u40:
   397     07EA  2FC1               	goto	l590
   398     07EB  120A  118A  2800   	ljmp	start
   399     07EE                     __end_of_main:
   400     007E                     btemp	set	126	;btemp
   401     007E                     wtemp0	set	126

Data Sizes:
    Strings     0
    Constant    0
    Data        8
    BSS         0
    Persistent  0
    Stack       0

Auto Spaces:
    Space          Size  Autos    Used
    COMMON           14     14      14
    BANK0            80      0       8
    BANK1            80      0       0
    BANK3            96      0       0
    BANK2            96      0       0

Pointer List with Targets:

    None.

Critical Paths under _main in COMMON

    None.

Critical Paths under _main in BANK0

    None.

Critical Paths under _main in BANK1

    None.

Critical Paths under _main in BANK3

    None.

Critical Paths under _main in BANK2

    None.

Call Graph Tables:

 ---------------------------------------------------------------------------------
 (Depth) Function   	        Calls       Base Space   Used Autos Params    Refs
 ---------------------------------------------------------------------------------
 (0) _main                                                14    14      0      92
                                              0 COMMON    14    14      0
 ---------------------------------------------------------------------------------
 Estimated maximum stack depth 0
 ---------------------------------------------------------------------------------

 Call Graph Graphs:

 _main (ROOT)

 Address spaces:
Name               Size   Autos  Total    Cost      Usage
BANK3               60      0       0       9        0.0%
BITBANK3            60      0       0       8        0.0%
SFR3                 0      0       0       4        0.0%
BITSFR3              0      0       0       4        0.0%
BANK2               60      0       0      11        0.0%
BITBANK2            60      0       0      10        0.0%
SFR2                 0      0       0       5        0.0%
BITSFR2              0      0       0       5        0.0%
BANK1               50      0       0       7        0.0%
BITBANK1            50      0       0       6        0.0%
SFR1                 0      0       0       2        0.0%
BITSFR1              0      0       0       2        0.0%
BANK0               50      0       8       5       10.0%
BITBANK0            50      0       0       4        0.0%
SFR0                 0      0       0       1        0.0%
BITSFR0              0      0       0       1        0.0%
COMMON               E      E       E       1      100.0%
BITCOMMON            E      0       0       0        0.0%
CODE                 0      0       0       0        0.0%
DATA                 0      0      16      12        0.0%
ABS                  0      0      16       3        0.0%
NULL                 0      0       0       0        0.0%
STACK                0      0       0       2        0.0%
EEDATA             100      0       0       0        0.0%


Microchip Technology PIC Macro Assembler V2.46 build 20240104201356 
Symbol Table                                                                                   Sat Apr 13 00:06:55 2024

                      pc 0002                       u30 07B4                       u40 07EA  
                     u41 07E9                       u45 07E6                       u57 07D0  
                     fsr 0004                      l600 07D7                      l602 07DD  
                    l590 07C1                      l584 07A3                      l586 07A9  
                    l596 07C3                      l588 07AC                      l598 07CA  
                    fsr0 0004                      indf 0000                     _main 07A3  
                   btemp 007E                     start 0000                    ?_main 0070  
                  _PORTB 0006                    _TRISB 0086                    main@i 007C  
           main@sequence 0074                    pclath 000A                    status 0003  
                  wtemp0 007E          __initialization 07EE             __end_of_main 07EE  
                 ??_main 0070  __end_of__initialization 07FC           __pcstackCOMMON 0070  
           __pidataBANK0 0788           _OPTION_REGbits 0081               __pmaintext 07A3  
   end_of_initialization 07FC      start_initialization 07EE               init_fetch0 0790  
            __pdataBANK0 0020                ___latbits 0002                main@F1007 0020  
               init_ram0 0794  
